2019-12-19 15:23:52.411  INFO 4436 --- [restartedMain] it.cast.SpringTest01Application          : Starting SpringTest01Application on 0JNBZILQA8FYX3G with PID 4436 (E:\gkm\code\idespro\spring_test_01\target\classes started by Administrator in E:\gkm\code\idespro\spring_test_01)
2019-12-19 15:23:52.414 DEBUG 4436 --- [restartedMain] it.cast.SpringTest01Application          : Running with Spring Boot v2.2.1.RELEASE, Spring v5.2.1.RELEASE
2019-12-19 15:23:52.414  INFO 4436 --- [restartedMain] it.cast.SpringTest01Application          : No active profile set, falling back to default profiles: default
2019-12-19 15:23:52.470  INFO 4436 --- [restartedMain] o.s.b.devtools.restart.ChangeableUrls    : The Class-Path manifest attribute in C:\Users\Administrator\.m2\repository\com\google\code\findbugs\findbugs\3.0.1\findbugs-3.0.1.jar referenced one or more files that do not exist: file:/C:/Users/Administrator/.m2/repository/com/google/code/findbugs/findbugs/3.0.1/bcel-6.0-SNAPSHOT.jar,file:/C:/Users/Administrator/.m2/repository/com/google/code/findbugs/findbugs/3.0.1/dom4j-1.6.1.jar,file:/C:/Users/Administrator/.m2/repository/com/google/code/findbugs/findbugs/3.0.1/jaxen-1.1.6.jar,file:/C:/Users/Administrator/.m2/repository/com/google/code/findbugs/findbugs/3.0.1/asm-debug-all-5.0.2.jar,file:/C:/Users/Administrator/.m2/repository/com/google/code/findbugs/findbugs/3.0.1/jsr305.jar,file:/C:/Users/Administrator/.m2/repository/com/google/code/findbugs/findbugs/3.0.1/jFormatString.jar,file:/C:/Users/Administrator/.m2/repository/com/google/code/findbugs/findbugs/3.0.1/commons-lang-2.6.jar
2019-12-19 15:23:52.470  INFO 4436 --- [restartedMain] .e.DevToolsPropertyDefaultsPostProcessor : Devtools property defaults active! Set 'spring.devtools.add-properties' to 'false' to disable
2019-12-19 15:23:52.470  INFO 4436 --- [restartedMain] .e.DevToolsPropertyDefaultsPostProcessor : For additional web related logging consider setting the 'logging.level.web' property to 'DEBUG'
2019-12-19 15:23:53.114  INFO 4436 --- [restartedMain] .s.d.r.c.RepositoryConfigurationDelegate : Multiple Spring Data modules found, entering strict repository configuration mode!
2019-12-19 15:23:53.116  INFO 4436 --- [restartedMain] .s.d.r.c.RepositoryConfigurationDelegate : Bootstrapping Spring Data repositories in DEFAULT mode.
2019-12-19 15:23:53.152  INFO 4436 --- [restartedMain] .s.d.r.c.RepositoryConfigurationDelegate : Finished Spring Data repository scanning in 21ms. Found 0 repository interfaces.
2019-12-19 15:23:53.507  INFO 4436 --- [restartedMain] trationDelegate$BeanPostProcessorChecker : Bean 'org.springframework.transaction.annotation.ProxyTransactionManagementConfiguration' of type [org.springframework.transaction.annotation.ProxyTransactionManagementConfiguration] is not eligible for getting processed by all BeanPostProcessors (for example: not eligible for auto-proxying)
2019-12-19 15:23:54.008  INFO 4436 --- [restartedMain] o.s.b.w.embedded.tomcat.TomcatWebServer  : Tomcat initialized with port(s): 8080 (http)
2019-12-19 15:23:54.017  INFO 4436 --- [restartedMain] o.apache.catalina.core.StandardService   : Starting service [Tomcat]
2019-12-19 15:23:54.018  INFO 4436 --- [restartedMain] org.apache.catalina.core.StandardEngine  : Starting Servlet engine: [Apache Tomcat/9.0.27]
2019-12-19 15:23:54.163  INFO 4436 --- [restartedMain] o.a.c.c.C.[Tomcat].[localhost].[/]       : Initializing Spring embedded WebApplicationContext
2019-12-19 15:23:54.163  INFO 4436 --- [restartedMain] o.s.web.context.ContextLoader            : Root WebApplicationContext: initialization completed in 1693 ms
2019-12-19 15:23:55.047  INFO 4436 --- [restartedMain] o.s.s.web.DefaultSecurityFilterChain     : Creating filter chain: any request, [org.springframework.security.web.context.request.async.WebAsyncManagerIntegrationFilter@461991dd, org.springframework.security.web.context.SecurityContextPersistenceFilter@38042208, org.springframework.security.web.header.HeaderWriterFilter@1c504de8, org.springframework.security.web.csrf.CsrfFilter@724eca34, org.springframework.security.web.authentication.logout.LogoutFilter@6350d17c, org.springframework.security.web.authentication.UsernamePasswordAuthenticationFilter@333424e1, org.springframework.security.web.authentication.ui.DefaultLoginPageGeneratingFilter@1925e865, org.springframework.security.web.authentication.ui.DefaultLogoutPageGeneratingFilter@69aca8f3, org.springframework.security.web.savedrequest.RequestCacheAwareFilter@21294f67, org.springframework.security.web.servletapi.SecurityContextHolderAwareRequestFilter@5d52ffc1, org.springframework.security.web.authentication.rememberme.RememberMeAuthenticationFilter@2447938a, org.springframework.security.web.authentication.AnonymousAuthenticationFilter@46930f0b, org.springframework.security.web.session.SessionManagementFilter@553274f9, org.springframework.security.web.access.ExceptionTranslationFilter@5caaf070, org.springframework.security.web.access.intercept.FilterSecurityInterceptor@3da676f5]
2019-12-19 15:23:55.166  INFO 4436 --- [restartedMain] o.s.s.concurrent.ThreadPoolTaskExecutor  : Initializing ExecutorService 'applicationTaskExecutor'
2019-12-19 15:23:55.227  INFO 4436 --- [restartedMain] o.s.b.a.w.s.WelcomePageHandlerMapping    : Adding welcome page: class path resource [public/index.html]
2019-12-19 15:23:55.447  INFO 4436 --- [restartedMain] o.s.b.d.a.OptionalLiveReloadServer       : LiveReload server is running on port 35729
2019-12-19 15:23:55.500  INFO 4436 --- [restartedMain] o.s.b.w.embedded.tomcat.TomcatWebServer  : Tomcat started on port(s): 8080 (http) with context path ''
2019-12-19 15:23:55.503  INFO 4436 --- [restartedMain] it.cast.SpringTest01Application          : Started SpringTest01Application in 3.826 seconds (JVM running for 4.934)
2019-12-19 15:24:51.916  INFO 4436 --- [Thread-13] o.s.s.concurrent.ThreadPoolTaskExecutor  : Shutting down ExecutorService 'applicationTaskExecutor'
2019-12-19 15:24:51.930  INFO 4436 --- [Thread-13] com.alibaba.druid.pool.DruidDataSource   : {dataSource-0} closing ...
